<?xml version="1.0" encoding="UTF-8"?>
<!-- Generated by org.testng.reporters.JUnitReportReporter -->
<testsuite skipped="0" hostname="Abdou-PC" name="apiTest.TestApiUsers" tests="5" failures="0" timestamp="2020-11-07T20:01:37 GMT+01:00" time="3.036" errors="0">
  <testcase name="testGetUsers" time="2.875" classname="apiTest.TestApiUsers"/>
  <testcase name="testAddUser" time="0.056" classname="apiTest.TestApiUsers"/>
  <testcase name="testPutUser" time="0.037" classname="apiTest.TestApiUsers"/>
  <testcase name="testPatchUser" time="0.038" classname="apiTest.TestApiUsers"/>
  <testcase name="testDeleteUser" time="0.030" classname="apiTest.TestApiUsers"/>
</testsuite> <!-- apiTest.TestApiUsers -->
